2024-09-03 14:27:56,877 INFO Оператор распечатал ключ Tricolor ID '23218001050033' 'TV Tricolor K32HH902 FL[95] TV SN: 2408K73ENK32HH90200001'
P[GODEX G300][1][****800*******]
2024-09-03 14:28:00,707 INFO Оператор распечатал ключ Tricolor ID '23218001050033' 'TV Tricolor K32HH902 FL[95] TV SN: 2408K73ENK32HH90200001'
P[GODEX G300][1][****800*******]
2024-09-03 14:29:12,372 INFO Ключ Tricolor ID '232180010500334' успешно привязан к устройству 'TV Tricolor K32HH902 FL[95] 2408K73ENK32HH90200001' [Линия: 1]
P[GODEX G300][****800*******]
2024-09-03 14:31:33,638 INFO Ключ Tricolor ID '232180010500334' успешно привязан к устройству 'TV Tricolor K32HH902 FL[95] 2408K73ENK32HH90200001' [Линия: 1]
P[GODEX G300][****800*******]
2024-09-03 14:32:54,288 INFO Ключ Tricolor ID '232180010500335' успешно привязан к устройству 'TV Tricolor K32HH902 FL[95] 2408K73ENK32HH90200001' [Линия: 1]
P[GODEX G300][****800*******]
2024-09-03 14:34:34,210 INFO Ключ Tricolor ID '232180010500334' успешно привязан к устройству 'TV Tricolor K32HH902 FL[95] 2408K73ENK32HH90200002' [Линия: 1]
P[GODEX G300][****800*******]
2024-09-03 14:34:54,471 INFO Оператор распечатал ключ Tricolor ID '232180010500334' 'TV Tricolor K32HH902 FL[95] TV SN: 2408K73ENK32HH90200002'
P[GODEX G300][1][****800*******]
2024-09-03 14:47:08,683 INFO Ключ Tricolor ID '232180010500334' успешно привязан к устройству 'TV Tricolor K32HH902 FL[95] 2408K73ENK32HH90200001' [Линия: 1]
P[GODEX G300][****800*******]
2024-09-03 14:47:23,467 INFO Оператор распечатал ключ Tricolor ID '232180010500334' 'TV Tricolor K32HH902 FL[95] TV SN: 2408K73ENK32HH90200001'
P[GODEX G300][1][****800*******]
2024-09-03 14:58:12,864 INFO Оператор распечатал ключ Tricolor ID '232180010500334' 'TV Tricolor K32HH902 FL[95] TV SN: 2408K73ENK32HH90200001'
P[GODEX G300][1][****800*******]
2024-09-03 14:58:16,316 INFO Оператор распечатал ключ Tricolor ID '232180010500334' 'TV Tricolor K32HH902 FL[95] TV SN: 2408K73ENK32HH90200001'
P[GODEX G300][1][****800*******]
2024-09-03 14:58:20,226 INFO Оператор распечатал ключ Tricolor ID '232180010500334' 'TV Tricolor K32HH902 FL[95] TV SN: 2408K73ENK32HH90200001'
P[GODEX G300][1][****800*******]
2024-09-03 14:59:13,582 INFO Оператор распечатал ключ Tricolor ID '232180010500334' 'TV Tricolor K32HH902 FL[95] TV SN: 2408K73ENK32HH90200001'
P[GODEX G300][1][****800*******]
2024-09-03 14:59:17,509 INFO Оператор распечатал ключ Tricolor ID '232180010500334' 'TV Tricolor K32HH902 FL[95] TV SN: 2408K73ENK32HH90200001'
P[GODEX G300][1][****800*******]
2024-09-03 14:59:49,737 INFO Оператор распечатал ключ Tricolor ID '232180010500334' 'TV Tricolor K32HH902 FL[95] TV SN: 2408K73ENK32HH90200001'
P[GODEX G300][1][****800*******]
2024-09-03 15:00:37,032 INFO Оператор распечатал ключ Tricolor ID '232180010500334' 'TV Tricolor K32HH902 FL[95] TV SN: 2408K73ENK32HH90200001'
P[GODEX G300][1][****800*******]
2024-09-03 15:02:00,337 INFO Оператор распечатал ключ Tricolor ID '232180010500334' 'TV Tricolor K32HH902 FL[95] TV SN: 2408K73ENK32HH90200001'
P[GODEX G300][1][****800*******]
2024-09-03 15:09:37,434 INFO Оператор распечатал ключ Tricolor ID '232180010500334' 'TV Tricolor K32HH902 FL[95] TV SN: 2408K73ENK32HH90200001'
P[GODEX G300][1][****800*******]
2024-09-03 15:37:51,103 INFO Оператор распечатал ключ Tricolor ID '232180010500334' 'TV Tricolor K32HH902 FL[95] TV SN: 2408K73ENK32HH90200001'
P[GODEX G300][1][****800*******]
2024-09-03 16:31:50,507 INFO Оператор распечатал ключ Tricolor ID '232180010500334' 'TV Tricolor K32HH902 FL[95] TV SN: 2408K73ENK32HH90200001'
P[GODEX G300][1][****800*******]
2024-09-03 16:33:39,775 INFO Ключ Tricolor ID '23218001050033' успешно привязан к устройству 'TV Tricolor K32HH902 FL[95] 2408K73ENK32HH90200001' [Линия: 1]
P[GODEX G300][****800*******]
2024-09-03 16:41:24,183 INFO Оператор распечатал ключ Tricolor ID '23218001050033' 'TV Tricolor K32HH902 FL[95] TV SN: 2408K73ENK32HH90200001'
P[GODEX G300][1][****800*******]
2024-09-03 16:41:55,575 CRITICAL can't create new thread at interpreter shutdown
2024-09-03 16:46:27,766 CRITICAL can't create new thread at interpreter shutdown
2024-09-03 16:56:28,670 INFO Оператор распечатал ключ Tricolor ID '23218001050033' 'TV Tricolor K32HH902 FL[95] TV SN: 2408K73ENK32HH90200001'
P[GODEX G300][1][****800*******]
2024-09-03 16:57:45,398 CRITICAL can't create new thread at interpreter shutdown
2024-09-03 16:58:31,383 CRITICAL can't create new thread at interpreter shutdown
2024-09-03 17:04:36,143 INFO Оператор распечатал ключ Tricolor ID '23218001050033' 'TV Tricolor K32HH902 FL[95] TV SN: 2408K73ENK32HH90200001'
P[GODEX G300][1][****800*******]
2024-09-03 19:30:13,270 INFO Ключ Tricolor ID '23218001050033' успешно привязан к устройству 'TV Tricolor K32HH902 FL[95] 2408K73ENK32HH90200001' [Линия: 1]
P[GODEX G300][****800*******]
2024-09-04 10:31:50,580 INFO Оператор распечатал ключ Tricolor ID '23218001050033' 'TV Tricolor K32HH902 FL[95] TV SN: 2408K73ENK32HH90210001'
P[GODEX G300][1][****800*******]
2024-09-04 10:31:59,096 INFO Оператор распечатал ключ Tricolor ID '23218001050033' 'TV Tricolor K32HH902 FL[95] TV SN: 2408K73ENK32HH90210001'
P[GODEX G300][1][****800*******]
2024-09-04 10:37:35,765 INFO Оператор распечатал ключ Tricolor ID '23218001050033' 'TV Tricolor K32HH902 FL[95] TV SN: 2408K73ENK32HH90210001'
P[GODEX G300][1][****800*******]
2024-09-04 10:39:01,854 INFO Ключ Tricolor ID '23218001050033' успешно привязан к устройству 'TV Tricolor K32HH902 FL[95] 2408K73ENK32HH90210001' [Линия: 1]
P[GODEX G300][****800*******]
2024-09-04 10:44:00,564 INFO Ключ Tricolor ID '23218001050033' успешно привязан к устройству 'TV Tricolor K32HH902 FL[95] 2408K73ENK32HH90210001' [Линия: 1]
P[GODEX G300][****800*******]
2024-09-04 10:53:59,967 INFO Ключ Tricolor ID '23218001050033' успешно привязан к устройству 'TV Tricolor K32HH902 FL[95] 2408K73ENK32HH90210001' [Линия: 1]
P[GODEX G300][****800*******]
2024-09-04 11:03:50,732 INFO Ключ Tricolor ID '23218001050033' успешно привязан к устройству 'TV Tricolor K32HH902 FL[95] 2408K73ENK32HH90210001' [Линия: 1]
P[GODEX G300][****800*******]
2024-09-04 11:27:19,511 INFO Ключ Tricolor ID '23218001050033' успешно привязан к устройству 'TV Tricolor K32HH902 FL[95] 2408K73ENK32HH90210001' [Линия: 1]
P[GODEX G300][****800*******]
2024-09-04 11:29:31,939 INFO Ключ Tricolor ID '23218001050033' успешно привязан к устройству 'TV Tricolor K32HH902 FL[95] 2408K73ENK32HH90210001' [Линия: 1]
P[GODEX G300][****800*******]
2024-09-04 11:38:16,423 INFO Ключ Tricolor ID '23218001050033' успешно привязан к устройству 'TV Tricolor K32HH902 FL[95] 2408K73ENK32HH90210001' [Линия: 1]
P[GODEX G300][****800*******]
2024-09-04 11:50:33,003 INFO Ключ Tricolor ID '23218001050033' успешно привязан к устройству 'TV Tricolor K32HH902 FL[95] 2408K73ENK32HH90210001' [Линия: 1]
P[GODEX G300][****800*******]
